Using pre-set license
Built from '2020.3/staging' branch; Version is '2020.3.28f1 (f5400f52e03f) revision 16072719'; Using compiler version '192528614'; Build Type 'Release'
OS: 'Windows 10  (10.0.19042) 64bit Professional' Language: 'en' Physical Memory: 8097 MB
BatchMode: 1, IsHumanControllingUs: 0, StartBugReporterOnCrash: 0, Is64bit: 1, IsPro: 0

COMMAND LINE ARGUMENTS:
C:\Program Files\Unity\Hub\Editor\2020.3.28f1\Editor\Unity.exe
-adb2
-batchMode
-noUpm
-name
AssetImportWorker0
-projectPath
D:/Code/GitHub/truyTimVatPhamQuyenNang/truyTimVatPhamQuyenNang_1.0
-logFile
Logs/AssetImportWorker0.log
-srvPort
58427
Successfully changed project path to: D:/Code/GitHub/truyTimVatPhamQuyenNang/truyTimVatPhamQuyenNang_1.0
D:/Code/GitHub/truyTimVatPhamQuyenNang/truyTimVatPhamQuyenNang_1.0
Using Asset Import Pipeline V2.
Refreshing native plugins compatible for Editor in 221.15 ms, found 3 plugins.
Preloading 0 native plugins for Editor in 0.00 ms.
Initialize engine version: 2020.3.28f1 (f5400f52e03f)
[Subsystems] Discovering subsystems at path C:/Program Files/Unity/Hub/Editor/2020.3.28f1/Editor/Data/Resources/UnitySubsystems
[Subsystems] Discovering subsystems at path D:/Code/GitHub/truyTimVatPhamQuyenNang/truyTimVatPhamQuyenNang_1.0/Assets
GfxDevice: creating device client; threaded=0
Direct3D:
    Version:  Direct3D 11.0 [level 11.1]
    Renderer: Intel(R) HD Graphics Family (ID=0xa16)
    Vendor:   
    VRAM:     2048 MB
    Driver:   20.19.15.5058
Initialize mono
Mono path[0] = 'C:/Program Files/Unity/Hub/Editor/2020.3.28f1/Editor/Data/Managed'
Mono path[1] = 'C:/Program Files/Unity/Hub/Editor/2020.3.28f1/Editor/Data/MonoBleedingEdge/lib/mono/unityjit'
Mono config path = 'C:/Program Files/Unity/Hub/Editor/2020.3.28f1/Editor/Data/MonoBleedingEdge/etc'
Using monoOptions --debugger-agent=transport=dt_socket,embedding=1,server=y,suspend=n,address=127.0.0.1:56916
Begin MonoManager ReloadAssembly
Registering precompiled unity dll's ...
Register platform support module: C:/Program Files/Unity/Hub/Editor/2020.3.28f1/Editor/Data/PlaybackEngines/WebGLSupport/UnityEditor.WebGL.Extensions.dll
Register platform support module: C:/Program Files/Unity/Hub/Editor/2020.3.28f1/Editor/Data/PlaybackEngines/WindowsStandaloneSupport/UnityEditor.WindowsStandalone.Extensions.dll
Registered in 0.015284 seconds.
Native extension for WindowsStandalone target not found
Native extension for WebGL target not found
Refreshing native plugins compatible for Editor in 92.42 ms, found 3 plugins.
Preloading 0 native plugins for Editor in 0.00 ms.
Mono: successfully reloaded assembly
- Completed reload, in  1.605 seconds
Domain Reload Profiling:
	ReloadAssembly (1605ms)
		BeginReloadAssembly (238ms)
			ExecutionOrderSort (0ms)
			DisableScriptedObjects (0ms)
			BackupInstance (0ms)
			ReleaseScriptingObjects (0ms)
			CreateAndSetChildDomain (2ms)
		EndReloadAssembly (1069ms)
			LoadAssemblies (232ms)
			RebuildTransferFunctionScriptingTraits (0ms)
			SetupTypeCache (351ms)
			ReleaseScriptCaches (0ms)
			RebuildScriptCaches (67ms)
			SetupLoadedEditorAssemblies (413ms)
				LogAssemblyErrors (0ms)
				InitializePlatformSupportModulesInManaged (9ms)
				SetLoadedEditorAssemblies (0ms)
				RefreshPlugins (93ms)
				BeforeProcessingInitializeOnLoad (17ms)
				ProcessInitializeOnLoadAttributes (236ms)
				ProcessInitializeOnLoadMethodAttributes (58ms)
				AfterProcessingInitializeOnLoad (0ms)
				EditorAssembliesLoaded (0ms)
			ExecutionOrderSort2 (0ms)
			AwakeInstancesAfterBackupRestoration (0ms)
Platform modules already initialized, skipping
Registering precompiled user dll's ...
Registered in 0.005115 seconds.
Begin MonoManager ReloadAssembly
Native extension for WindowsStandalone target not found
Native extension for WebGL target not found
Refreshing native plugins compatible for Editor in 81.38 ms, found 3 plugins.
Preloading 0 native plugins for Editor in 0.00 ms.
Mono: successfully reloaded assembly
- Completed reload, in  2.189 seconds
Domain Reload Profiling:
	ReloadAssembly (2191ms)
		BeginReloadAssembly (359ms)
			ExecutionOrderSort (0ms)
			DisableScriptedObjects (8ms)
			BackupInstance (0ms)
			ReleaseScriptingObjects (0ms)
			CreateAndSetChildDomain (36ms)
		EndReloadAssembly (1722ms)
			LoadAssemblies (259ms)
			RebuildTransferFunctionScriptingTraits (0ms)
			SetupTypeCache (551ms)
			ReleaseScriptCaches (1ms)
			RebuildScriptCaches (84ms)
			SetupLoadedEditorAssemblies (703ms)
				LogAssemblyErrors (0ms)
				InitializePlatformSupportModulesInManaged (10ms)
				SetLoadedEditorAssemblies (0ms)
				RefreshPlugins (81ms)
				BeforeProcessingInitializeOnLoad (117ms)
				ProcessInitializeOnLoadAttributes (451ms)
				ProcessInitializeOnLoadMethodAttributes (32ms)
				AfterProcessingInitializeOnLoad (10ms)
				EditorAssembliesLoaded (1ms)
			ExecutionOrderSort2 (0ms)
			AwakeInstancesAfterBackupRestoration (12ms)
Platform modules already initialized, skipping
========================================================================
Worker process is ready to serve import requests
Launched and connected shader compiler UnityShaderCompiler.exe after 0.12 seconds
Refreshing native plugins compatible for Editor in 1.32 ms, found 3 plugins.
Preloading 0 native plugins for Editor in 0.00 ms.
Unloading 2196 Unused Serialized files (Serialized files now loaded: 0)
System memory in use before: 96.2 MB.
System memory in use after: 96.1 MB.

Unloading 34 unused Assets to reduce memory usage. Loaded Objects now: 2626.
Total: 5.128600 ms (FindLiveObjects: 0.293000 ms CreateObjectMapping: 0.242900 ms MarkObjects: 4.379100 ms  DeleteObjects: 0.212200 ms)

AssetImportParameters requested are different than current active one (requested -> active):
  custom:framework-win-MediaFoundation: 216162199b28c13a410421893ffa2e32 -> 
  custom:video-decoder-ogg-theora: a1e56fd34408186e4bbccfd4996cb3dc -> 
  custom:container-muxer-webm: aa71ff27fc2769a1b78a27578f13a17b -> 
  custom:container-demuxer-webm: 4f35f7cbe854078d1ac9338744f61a02 -> 
  custom:container-demuxer-ogg: 62fdf1f143b41e24485cea50d1cbac27 -> 
  custom:video-encoder-webm-vp8: eb34c28f22e8b96e1ab97ce403110664 -> 
  custom:video-codec-MediaFoundation-h265: 746d11721c4dcdbdad8f713fa42b33f4 -> 
  custom:video-decoder-webm-vp8: 9c59270c3fd7afecdb556c50c9e8de78 -> 
  custom:audio-decoder-ogg-vorbis: bf7c407c2cedff20999df2af8eb42d56 -> 
  custom:audio-encoder-webm-vorbis: bf7c407c2cedff20999df2af8eb42d56 -> 
========================================================================
Received Import Request.
  path: Assets/Font/000TwoFistedBBTeddyBear.otf
  artifactKey: Guid(4c767de8fcdb8ae4ba1efd9fb0164751) Importer(815301076,1909f56bfc062723c751e8b465ee728b)
Start importing Assets/Font/000TwoFistedBBTeddyBear.otf using Guid(4c767de8fcdb8ae4ba1efd9fb0164751) Importer(815301076,1909f56bfc062723c751e8b465ee728b)  -> (artifact id: '721587c7228d5aac3df25a148f206710') in 0.203578 seconds 
  Import took 0.208736 seconds .

========================================================================
Received Import Request.
  Time since last request: 0.000310 seconds.
  path: Assets/Font/000ImaginaryFriendTeddyBear.otf
  artifactKey: Guid(e23a4f90473c70b45b56acd4c3526a6d) Importer(815301076,1909f56bfc062723c751e8b465ee728b)
Start importing Assets/Font/000ImaginaryFriendTeddyBear.otf using Guid(e23a4f90473c70b45b56acd4c3526a6d) Importer(815301076,1909f56bfc062723c751e8b465ee728b)  -> (artifact id: 'ed7e9555cb21c2511e0ac2b483863e22') in 0.043009 seconds 
  Import took 0.049382 seconds .

========================================================================
Received Import Request.
  Time since last request: 0.000148 seconds.
  path: Assets/Font/000SamaritanTB.otf
  artifactKey: Guid(7e178e7b86caca94da8adb2ca83cf044) Importer(815301076,1909f56bfc062723c751e8b465ee728b)
Start importing Assets/Font/000SamaritanTB.otf using Guid(7e178e7b86caca94da8adb2ca83cf044) Importer(815301076,1909f56bfc062723c751e8b465ee728b)  -> (artifact id: 'efa44b5b281ac24c943b92b2c1834845') in 0.071128 seconds 
  Import took 0.087043 seconds .

========================================================================
Received Import Request.
  Time since last request: 0.000426 seconds.
  path: Assets/Font/000 PiekosFXThinBB [TeddyBear].otf
  artifactKey: Guid(3d837fac1b1d6fa46b44bcc2ab680577) Importer(815301076,1909f56bfc062723c751e8b465ee728b)
Start importing Assets/Font/000 PiekosFXThinBB [TeddyBear].otf using Guid(3d837fac1b1d6fa46b44bcc2ab680577) Importer(815301076,1909f56bfc062723c751e8b465ee728b)  -> (artifact id: 'ff55428cbf2e5a73765ef54499be73b4') in 0.034737 seconds 
  Import took 0.046282 seconds .

========================================================================
Received Import Request.
  Time since last request: 0.000488 seconds.
  path: Assets/Font/000 Dupree [TeddyBear].otf
  artifactKey: Guid(10c552d5aad4e054c84df57f54cc2928) Importer(815301076,1909f56bfc062723c751e8b465ee728b)
Start importing Assets/Font/000 Dupree [TeddyBear].otf using Guid(10c552d5aad4e054c84df57f54cc2928) Importer(815301076,1909f56bfc062723c751e8b465ee728b)  -> (artifact id: '788a5d61712f594fb044e3940496f988') in 0.043194 seconds 
  Import took 0.049331 seconds .

========================================================================
Received Import Request.
  Time since last request: 0.000295 seconds.
  path: Assets/Font/000 Shrunken Head TB.ttf
  artifactKey: Guid(bfdc270afb3aea84e90a41b41e5fb90a) Importer(815301076,1909f56bfc062723c751e8b465ee728b)
Start importing Assets/Font/000 Shrunken Head TB.ttf using Guid(bfdc270afb3aea84e90a41b41e5fb90a) Importer(815301076,1909f56bfc062723c751e8b465ee728b)  -> (artifact id: 'eed3a9d53fac0f8376ded2564ac74346') in 0.045296 seconds 
  Import took 0.053194 seconds .

========================================================================
Received Import Request.
  Time since last request: 0.000097 seconds.
  path: Assets/Font/000 Oh Crud BB [TeddyBear].ttf
  artifactKey: Guid(6ff48499bd1670b4f81c192fd8e6e792) Importer(815301076,1909f56bfc062723c751e8b465ee728b)
Start importing Assets/Font/000 Oh Crud BB [TeddyBear].ttf using Guid(6ff48499bd1670b4f81c192fd8e6e792) Importer(815301076,1909f56bfc062723c751e8b465ee728b)  -> (artifact id: '4eaa455258f728bb1f73196b042137fd') in 0.036831 seconds 
  Import took 0.044909 seconds .

========================================================================
Received Import Request.
  Time since last request: 0.000300 seconds.
  path: Assets/Font/000 PiekosFXBasicBB [TeddyBear].otf
  artifactKey: Guid(a05fa8b180cf3b24bb47463c9e136fa2) Importer(815301076,1909f56bfc062723c751e8b465ee728b)
Start importing Assets/Font/000 PiekosFXBasicBB [TeddyBear].otf using Guid(a05fa8b180cf3b24bb47463c9e136fa2) Importer(815301076,1909f56bfc062723c751e8b465ee728b)  -> (artifact id: 'cd92823c55150a859e8b9f3d86bd1a7a') in 0.037277 seconds 
  Import took 0.051362 seconds .

========================================================================
Received Import Request.
  Time since last request: 0.000305 seconds.
  path: Assets/Font/000 Mustang [TeddyBear].ttf
  artifactKey: Guid(ba3254534d50a1c42bdaaaa777df508b) Importer(815301076,1909f56bfc062723c751e8b465ee728b)
Start importing Assets/Font/000 Mustang [TeddyBear].ttf using Guid(ba3254534d50a1c42bdaaaa777df508b) Importer(815301076,1909f56bfc062723c751e8b465ee728b)  -> (artifact id: '08a021dc2a4e12c8f44c27ee6e867c80') in 0.059089 seconds 
  Import took 0.065606 seconds .

========================================================================
Received Import Request.
  Time since last request: 0.000309 seconds.
  path: Assets/Font/000YouMurdererBBTeddyBear.otf
  artifactKey: Guid(a42f41bcc774d9c43aee295f69507077) Importer(815301076,1909f56bfc062723c751e8b465ee728b)
Start importing Assets/Font/000YouMurdererBBTeddyBear.otf using Guid(a42f41bcc774d9c43aee295f69507077) Importer(815301076,1909f56bfc062723c751e8b465ee728b)  -> (artifact id: 'f858942d1249284b663cd03c54c7033e') in 0.043673 seconds 
  Import took 0.049391 seconds .

========================================================================
Received Import Request.
  Time since last request: 0.000314 seconds.
  path: Assets/Font/ActionFigure BB.otf
  artifactKey: Guid(5a23109d15e2e544190edd9c77f497b4) Importer(815301076,1909f56bfc062723c751e8b465ee728b)
Start importing Assets/Font/ActionFigure BB.otf using Guid(5a23109d15e2e544190edd9c77f497b4) Importer(815301076,1909f56bfc062723c751e8b465ee728b)  -> (artifact id: '5a5c116ceb53042e9828657cbd987f92') in 0.040547 seconds 
  Import took 0.049189 seconds .

========================================================================
Received Import Request.
  Time since last request: 0.000314 seconds.
  path: Assets/Font/000 Marvin [TeddyBear].otf
  artifactKey: Guid(275c4b203d5e7854893338c03350502b) Importer(815301076,1909f56bfc062723c751e8b465ee728b)
Start importing Assets/Font/000 Marvin [TeddyBear].otf using Guid(275c4b203d5e7854893338c03350502b) Importer(815301076,1909f56bfc062723c751e8b465ee728b)  -> (artifact id: '11aec4db48f326bce76c510372ec47a5') in 0.062818 seconds 
  Import took 0.070796 seconds .

========================================================================
Received Import Request.
  Time since last request: 0.000380 seconds.
  path: Assets/Font/000YadaTeddyBear.otf
  artifactKey: Guid(598c89bef0dac6a4eba0e0dcb40fea92) Importer(815301076,1909f56bfc062723c751e8b465ee728b)
Start importing Assets/Font/000YadaTeddyBear.otf using Guid(598c89bef0dac6a4eba0e0dcb40fea92) Importer(815301076,1909f56bfc062723c751e8b465ee728b)  -> (artifact id: '50779756136147a195d2b0d05da0b9c4') in 0.047831 seconds 
  Import took 0.056682 seconds .

========================================================================
Received Import Request.
  Time since last request: 0.000377 seconds.
  path: Assets/Font/000 Mighty Zeo [TeddyBear].ttf
  artifactKey: Guid(b14f3717b7d8ba747991fb377f4591e0) Importer(815301076,1909f56bfc062723c751e8b465ee728b)
Start importing Assets/Font/000 Mighty Zeo [TeddyBear].ttf using Guid(b14f3717b7d8ba747991fb377f4591e0) Importer(815301076,1909f56bfc062723c751e8b465ee728b)  -> (artifact id: '140c5b0641d0c3ee933f84ebaf79412e') in 0.048543 seconds 
  Import took 0.056202 seconds .

========================================================================
Received Import Request.
  Time since last request: 0.000359 seconds.
  path: Assets/Font/000 Wildwords2 TB Bold Italic.ttf
  artifactKey: Guid(1fd3f42aa8086154da78a9c297b367cf) Importer(815301076,1909f56bfc062723c751e8b465ee728b)
Start importing Assets/Font/000 Wildwords2 TB Bold Italic.ttf using Guid(1fd3f42aa8086154da78a9c297b367cf) Importer(815301076,1909f56bfc062723c751e8b465ee728b)  -> (artifact id: 'fec370dfd89f0beb6f54f914be5e771a') in 0.040501 seconds 
  Import took 0.047529 seconds .

========================================================================
Received Import Request.
  Time since last request: 0.000309 seconds.
  path: Assets/Font/000 Jack Armstrong [TeddyBear].ttf
  artifactKey: Guid(a5d978a46a0093e4aa1b2bd68c26b596) Importer(815301076,1909f56bfc062723c751e8b465ee728b)
Start importing Assets/Font/000 Jack Armstrong [TeddyBear].ttf using Guid(a5d978a46a0093e4aa1b2bd68c26b596) Importer(815301076,1909f56bfc062723c751e8b465ee728b)  -> (artifact id: '1e5d6ff7ae8f761f468320a4f78c4403') in 0.040198 seconds 
  Import took 0.047907 seconds .

========================================================================
Received Import Request.
  Time since last request: 0.000497 seconds.
  path: Assets/Font/000 Mighty Zeo Caps 2.0 [TeddyBear].ttf
  artifactKey: Guid(03169baaffb68c045b8c4db8b9ac9966) Importer(815301076,1909f56bfc062723c751e8b465ee728b)
Start importing Assets/Font/000 Mighty Zeo Caps 2.0 [TeddyBear].ttf using Guid(03169baaffb68c045b8c4db8b9ac9966) Importer(815301076,1909f56bfc062723c751e8b465ee728b)  -> (artifact id: '6e8e18e6b6017bf5a71f9a34cc204f8f') in 0.044085 seconds 
  Import took 0.051791 seconds .

========================================================================
Received Import Request.
  Time since last request: 0.000340 seconds.
  path: Assets/Font/000 Felt [TeddyBear].otf
  artifactKey: Guid(63e39f47efc6d1d418744ad8ec7ab2c0) Importer(815301076,1909f56bfc062723c751e8b465ee728b)
Start importing Assets/Font/000 Felt [TeddyBear].otf using Guid(63e39f47efc6d1d418744ad8ec7ab2c0) Importer(815301076,1909f56bfc062723c751e8b465ee728b)  -> (artifact id: '4d21b25c4cee53f036152f80d123352f') in 0.051796 seconds 
  Import took 0.059485 seconds .

========================================================================
Received Import Request.
  Time since last request: 0.000282 seconds.
  path: Assets/Font/000 VTC-GarageSale TB.ttf
  artifactKey: Guid(b76cc62a2a854254db7b55cd39caa888) Importer(815301076,1909f56bfc062723c751e8b465ee728b)
Start importing Assets/Font/000 VTC-GarageSale TB.ttf using Guid(b76cc62a2a854254db7b55cd39caa888) Importer(815301076,1909f56bfc062723c751e8b465ee728b)  -> (artifact id: 'a816e4bf625a3779f445780b391f3b2d') in 0.042984 seconds 
  Import took 0.049702 seconds .

========================================================================
Received Import Request.
  Time since last request: 0.000300 seconds.
  path: Assets/Font/000 WildWords2 TB Roman.ttf
  artifactKey: Guid(46c220e3ce6ac6e489a375b86389d686) Importer(815301076,1909f56bfc062723c751e8b465ee728b)
Start importing Assets/Font/000 WildWords2 TB Roman.ttf using Guid(46c220e3ce6ac6e489a375b86389d686) Importer(815301076,1909f56bfc062723c751e8b465ee728b)  -> (artifact id: '04a24f6d805adacb1cc2fa579f5023f7') in 0.038627 seconds 
  Import took 0.048794 seconds .

========================================================================
Received Import Request.
  Time since last request: 0.000352 seconds.
  path: Assets/Font/000 Wurmics Bravo [TeddyBear].ttf
  artifactKey: Guid(3fbcaec20cb81324e8d3b1e3320b4ac9) Importer(815301076,1909f56bfc062723c751e8b465ee728b)
Start importing Assets/Font/000 Wurmics Bravo [TeddyBear].ttf using Guid(3fbcaec20cb81324e8d3b1e3320b4ac9) Importer(815301076,1909f56bfc062723c751e8b465ee728b)  -> (artifact id: '01f07f07f2ad751143ff35c3d40f0cc5') in 0.044307 seconds 
  Import took 0.049438 seconds .

========================================================================
Received Import Request.
  Time since last request: 0.000315 seconds.
  path: Assets/Font/000 Zzzap [TeddyBear].otf
  artifactKey: Guid(18a441001821c964eae15b0b16840b6a) Importer(815301076,1909f56bfc062723c751e8b465ee728b)
Start importing Assets/Font/000 Zzzap [TeddyBear].otf using Guid(18a441001821c964eae15b0b16840b6a) Importer(815301076,1909f56bfc062723c751e8b465ee728b)  -> (artifact id: '87c17f384d2ddea33e839c01ae754144') in 0.048691 seconds 
  Import took 0.054757 seconds .

========================================================================
Received Import Request.
  Time since last request: 0.000300 seconds.
  path: Assets/Font/000 ImaginaryFriend BB [TeddyBear] Bold.ttf
  artifactKey: Guid(35f28694486b5c144ab5dfa8f264def3) Importer(815301076,1909f56bfc062723c751e8b465ee728b)
Start importing Assets/Font/000 ImaginaryFriend BB [TeddyBear] Bold.ttf using Guid(35f28694486b5c144ab5dfa8f264def3) Importer(815301076,1909f56bfc062723c751e8b465ee728b)  -> (artifact id: 'a498da2d4c16efbe228038f7fad55268') in 0.039888 seconds 
  Import took 0.052898 seconds .

========================================================================
Received Import Request.
  Time since last request: 0.001417 seconds.
  path: Assets/Font/000ManlyMenTeddyBear.otf
  artifactKey: Guid(7fc299d038dd40a4880b629774f63d92) Importer(815301076,1909f56bfc062723c751e8b465ee728b)
Start importing Assets/Font/000ManlyMenTeddyBear.otf using Guid(7fc299d038dd40a4880b629774f63d92) Importer(815301076,1909f56bfc062723c751e8b465ee728b)  -> (artifact id: '8dfe060c6684d413a42e2fecd9b6ec49') in 0.035874 seconds 
  Import took 0.049755 seconds .

========================================================================
Received Import Request.
  Time since last request: 0.000345 seconds.
  path: Assets/Font/000IndieStar BB [TeddyBear].ttf
  artifactKey: Guid(674a830ddd27fb347a7732e15a42b4cf) Importer(815301076,1909f56bfc062723c751e8b465ee728b)
Start importing Assets/Font/000IndieStar BB [TeddyBear].ttf using Guid(674a830ddd27fb347a7732e15a42b4cf) Importer(815301076,1909f56bfc062723c751e8b465ee728b)  -> (artifact id: 'ad2b6ae33bb221564afe04e562cf0c12') in 0.050101 seconds 
  Import took 0.058569 seconds .

========================================================================
Received Import Request.
  Time since last request: 0.000383 seconds.
  path: Assets/Font/000 StoryBrush TB.ttf
  artifactKey: Guid(d6f1ea365d4d6ab439853ed060569e10) Importer(815301076,1909f56bfc062723c751e8b465ee728b)
Start importing Assets/Font/000 StoryBrush TB.ttf using Guid(d6f1ea365d4d6ab439853ed060569e10) Importer(815301076,1909f56bfc062723c751e8b465ee728b)  -> (artifact id: '3c1c43aabf12aac23075e8343835fb24') in 0.039780 seconds 
  Import took 0.048520 seconds .

========================================================================
Received Import Request.
  Time since last request: 0.000598 seconds.
  path: Assets/Font/000CCHellshockTeddyBear.otf
  artifactKey: Guid(bf70740cdedabf34da5ef865fd578c3b) Importer(815301076,1909f56bfc062723c751e8b465ee728b)
Start importing Assets/Font/000CCHellshockTeddyBear.otf using Guid(bf70740cdedabf34da5ef865fd578c3b) Importer(815301076,1909f56bfc062723c751e8b465ee728b)  -> (artifact id: '8bca7530f906baeafcc3a0bf50d1bb0d') in 0.045639 seconds 
  Import took 0.053184 seconds .

========================================================================
Received Import Request.
  Time since last request: 0.000241 seconds.
  path: Assets/Font/000 Entrails BB [TeddyBear].ttf
  artifactKey: Guid(e1a25141df6bb4b4ba73457f24c8708e) Importer(815301076,1909f56bfc062723c751e8b465ee728b)
Start importing Assets/Font/000 Entrails BB [TeddyBear].ttf using Guid(e1a25141df6bb4b4ba73457f24c8708e) Importer(815301076,1909f56bfc062723c751e8b465ee728b)  -> (artifact id: '29c63d6fdaac96459d4849d98a350ec7') in 0.051034 seconds 
  Import took 0.057891 seconds .

========================================================================
Received Import Request.
  Time since last request: 0.000298 seconds.
  path: Assets/Font/000 Rooftop Run [TeddyBear].ttf
  artifactKey: Guid(96863e666763c2a46b1d4dfed28523b6) Importer(815301076,1909f56bfc062723c751e8b465ee728b)
Start importing Assets/Font/000 Rooftop Run [TeddyBear].ttf using Guid(96863e666763c2a46b1d4dfed28523b6) Importer(815301076,1909f56bfc062723c751e8b465ee728b)  -> (artifact id: '89ac60c9db9879a08c0090b9736ef98e') in 0.041881 seconds 
  Import took 0.048258 seconds .

========================================================================
Received Import Request.
  Time since last request: 0.000304 seconds.
  path: Assets/Font/000 WildWords2 TB Italic.ttf
  artifactKey: Guid(5a1127bb38584a0489af0b23a044cb02) Importer(815301076,1909f56bfc062723c751e8b465ee728b)
Start importing Assets/Font/000 WildWords2 TB Italic.ttf using Guid(5a1127bb38584a0489af0b23a044cb02) Importer(815301076,1909f56bfc062723c751e8b465ee728b)  -> (artifact id: 'a81499bdd4144521573c8ddde65961b9') in 0.042766 seconds 
  Import took 0.048893 seconds .

========================================================================
Received Import Request.
  Time since last request: 0.000303 seconds.
  path: Assets/Font/000DutyCallsTeddyBear.otf
  artifactKey: Guid(fb0b679f6f4783c43b5678c88e2eb126) Importer(815301076,1909f56bfc062723c751e8b465ee728b)
Start importing Assets/Font/000DutyCallsTeddyBear.otf using Guid(fb0b679f6f4783c43b5678c88e2eb126) Importer(815301076,1909f56bfc062723c751e8b465ee728b)  -> (artifact id: '8d28675bc2c08a7cac3b4434c0883b77') in 0.055486 seconds 
  Import took 0.068124 seconds .

========================================================================
Received Import Request.
  Time since last request: 0.000555 seconds.
  path: Assets/Font/000 SamaritanTall TB.ttf
  artifactKey: Guid(6eba54b60a9451e42b97a35242ba58e8) Importer(815301076,1909f56bfc062723c751e8b465ee728b)
Start importing Assets/Font/000 SamaritanTall TB.ttf using Guid(6eba54b60a9451e42b97a35242ba58e8) Importer(815301076,1909f56bfc062723c751e8b465ee728b)  -> (artifact id: 'd0876077d7739297a4024d52cda0461e') in 0.040782 seconds 
  Import took 0.047245 seconds .

========================================================================
Received Import Request.
  Time since last request: 0.000521 seconds.
  path: Assets/Font/000 ObelixPro TB.ttf
  artifactKey: Guid(5c0e8f00419f4234bb699c0f35e37110) Importer(815301076,1909f56bfc062723c751e8b465ee728b)
Start importing Assets/Font/000 ObelixPro TB.ttf using Guid(5c0e8f00419f4234bb699c0f35e37110) Importer(815301076,1909f56bfc062723c751e8b465ee728b)  -> (artifact id: 'fded70f99ca36430740c650af9c251d8') in 0.058927 seconds 
  Import took 0.065519 seconds .

========================================================================
Received Import Request.
  Time since last request: 0.000330 seconds.
  path: Assets/Font/000 MMRight TD.ttf
  artifactKey: Guid(774d1b69cf157e24eae8b90a4fbac7f5) Importer(815301076,1909f56bfc062723c751e8b465ee728b)
Start importing Assets/Font/000 MMRight TD.ttf using Guid(774d1b69cf157e24eae8b90a4fbac7f5) Importer(815301076,1909f56bfc062723c751e8b465ee728b)  -> (artifact id: '086027f76048c2dc52412224f2e39ab9') in 0.047465 seconds 
  Import took 0.055181 seconds .

========================================================================
Received Import Request.
  Time since last request: 0.000333 seconds.
  path: Assets/Font/000 UrbanBarbarianGiant TB.ttf
  artifactKey: Guid(654324d93c786a54ebb726710f7ce810) Importer(815301076,1909f56bfc062723c751e8b465ee728b)
Start importing Assets/Font/000 UrbanBarbarianGiant TB.ttf using Guid(654324d93c786a54ebb726710f7ce810) Importer(815301076,1909f56bfc062723c751e8b465ee728b)  -> (artifact id: '9fcf732c158251e69f455063c6e02a6d') in 0.034972 seconds 
  Import took 0.046262 seconds .

========================================================================
Received Import Request.
  Time since last request: 0.000503 seconds.
  path: Assets/Font/000SanDiego2007TeddyBear.otf
  artifactKey: Guid(23b8ca7a9103d0a45a56976095757aea) Importer(815301076,1909f56bfc062723c751e8b465ee728b)
Start importing Assets/Font/000SanDiego2007TeddyBear.otf using Guid(23b8ca7a9103d0a45a56976095757aea) Importer(815301076,1909f56bfc062723c751e8b465ee728b)  -> (artifact id: '42db7d00fb90d74c278823f0745f157b') in 0.040625 seconds 
  Import took 0.050894 seconds .

========================================================================
Received Import Request.
  Time since last request: 0.000283 seconds.
  path: Assets/Font/000 DigitalStrip2 [TeddyBear].otf
  artifactKey: Guid(f566422b5ab4ab6468d990261251e885) Importer(815301076,1909f56bfc062723c751e8b465ee728b)
Start importing Assets/Font/000 DigitalStrip2 [TeddyBear].otf using Guid(f566422b5ab4ab6468d990261251e885) Importer(815301076,1909f56bfc062723c751e8b465ee728b)  -> (artifact id: 'e718769464cecbf525c549fee3c4821c') in 0.048830 seconds 
  Import took 0.058645 seconds .

========================================================================
Received Import Request.
  Time since last request: 0.000300 seconds.
  path: Assets/Font/000 SignLanguage TB.ttf
  artifactKey: Guid(903ea42e2ea70724388a56ffee2cdaa6) Importer(815301076,1909f56bfc062723c751e8b465ee728b)
Start importing Assets/Font/000 SignLanguage TB.ttf using Guid(903ea42e2ea70724388a56ffee2cdaa6) Importer(815301076,1909f56bfc062723c751e8b465ee728b)  -> (artifact id: 'e97a868cfafb49b106cc80ce60303406') in 0.034438 seconds 
  Import took 0.041546 seconds .

========================================================================
Received Prepare
Registering precompiled user dll's ...
Registered in 0.008381 seconds.
Begin MonoManager ReloadAssembly
Native extension for WindowsStandalone target not found
Native extension for WebGL target not found
Refreshing native plugins compatible for Editor in 0.92 ms, found 3 plugins.
Preloading 0 native plugins for Editor in 0.00 ms.
Mono: successfully reloaded assembly
- Completed reload, in  2.332 seconds
Domain Reload Profiling:
	ReloadAssembly (2333ms)
		BeginReloadAssembly (208ms)
			ExecutionOrderSort (0ms)
			DisableScriptedObjects (15ms)
			BackupInstance (0ms)
			ReleaseScriptingObjects (0ms)
			CreateAndSetChildDomain (62ms)
		EndReloadAssembly (1984ms)
			LoadAssemblies (181ms)
			RebuildTransferFunctionScriptingTraits (0ms)
			SetupTypeCache (826ms)
			ReleaseScriptCaches (2ms)
			RebuildScriptCaches (78ms)
			SetupLoadedEditorAssemblies (620ms)
				LogAssemblyErrors (0ms)
				InitializePlatformSupportModulesInManaged (10ms)
				SetLoadedEditorAssemblies (1ms)
				RefreshPlugins (1ms)
				BeforeProcessingInitializeOnLoad (143ms)
				ProcessInitializeOnLoadAttributes (440ms)
				ProcessInitializeOnLoadMethodAttributes (18ms)
				AfterProcessingInitializeOnLoad (7ms)
				EditorAssembliesLoaded (0ms)
			ExecutionOrderSort2 (0ms)
			AwakeInstancesAfterBackupRestoration (14ms)
Platform modules already initialized, skipping
Refreshing native plugins compatible for Editor in 2.34 ms, found 3 plugins.
Preloading 0 native plugins for Editor in 0.00 ms.
Unloading 2191 Unused Serialized files (Serialized files now loaded: 0)
System memory in use before: 99.5 MB.
System memory in use after: 99.5 MB.

Unloading 23 unused Assets to reduce memory usage. Loaded Objects now: 2672.
Total: 7.360300 ms (FindLiveObjects: 0.360300 ms CreateObjectMapping: 0.199900 ms MarkObjects: 6.621900 ms  DeleteObjects: 0.176300 ms)

AssetImportParameters requested are different than current active one (requested -> active):
  custom:framework-win-MediaFoundation: 216162199b28c13a410421893ffa2e32 -> 
  custom:video-decoder-ogg-theora: a1e56fd34408186e4bbccfd4996cb3dc -> 
  custom:container-muxer-webm: aa71ff27fc2769a1b78a27578f13a17b -> 
  custom:container-demuxer-webm: 4f35f7cbe854078d1ac9338744f61a02 -> 
  custom:container-demuxer-ogg: 62fdf1f143b41e24485cea50d1cbac27 -> 
  custom:video-encoder-webm-vp8: eb34c28f22e8b96e1ab97ce403110664 -> 
  custom:video-codec-MediaFoundation-h265: 746d11721c4dcdbdad8f713fa42b33f4 -> 
  custom:video-decoder-webm-vp8: 9c59270c3fd7afecdb556c50c9e8de78 -> 
  custom:audio-decoder-ogg-vorbis: bf7c407c2cedff20999df2af8eb42d56 -> 
  custom:audio-encoder-webm-vorbis: bf7c407c2cedff20999df2af8eb42d56 -> 
========================================================================
Received Import Request.
  Time since last request: 311.097658 seconds.
  path: Assets/Prefaps/startMenu.prefab
  artifactKey: Guid(0683097242088914e99b1154dc072a63) Importer(815301076,1909f56bfc062723c751e8b465ee728b)
Start importing Assets/Prefaps/startMenu.prefab using Guid(0683097242088914e99b1154dc072a63) Importer(815301076,1909f56bfc062723c751e8b465ee728b)  -> (artifact id: '87c32f396cf9c629289124a3c1aeba3e') in 0.073371 seconds 
  Import took 0.079853 seconds .

AssetImportWorkerClient::OnTransportError - code=2 error=End of file
